2021-05-04T04:52:27+00:00 CRITICAL Maximum execution time of 120 seconds exceeded in C:\wamp64\www\wordpress\wp-admin\includes\comment.php on line 26

2021-05-04T04:52:27+00:00 CRITICAL Maximum execution time of 120 seconds exceeded in C:\wamp64\www\wordpress\wp-admin\includes\comment.php on line 26

2021-05-04T04:52:27+00:00 CRITICAL Maximum execution time of 120 seconds exceeded in C:\wamp64\www\wordpress\wp-admin\includes\comment.php on line 26

2021-05-04T04:52:27+00:00 CRITICAL Maximum execution time of 120 seconds exceeded in C:\wamp64\www\wordpress\wp-admin\includes\comment.php on line 26

2021-05-04T04:52:27+00:00 CRITICAL Maximum execution time of 120 seconds exceeded in C:\wamp64\www\wordpress\wp-admin\includes\admin.php on line 10

2021-05-04T04:52:27+00:00 CRITICAL Maximum execution time of 120 seconds exceeded in C:\wamp64\www\wordpress\wp-admin\includes\admin.php on line 10

2021-05-04T04:52:27+00:00 CRITICAL Maximum execution time of 120 seconds exceeded in C:\wamp64\www\wordpress\wp-admin\includes\admin.php on line 10

2021-05-04T04:52:27+00:00 CRITICAL Maximum execution time of 120 seconds exceeded in C:\wamp64\www\wordpress\wp-admin\includes\admin.php on line 10

2021-05-04T04:52:27+00:00 CRITICAL Maximum execution time of 120 seconds exceeded in C:\wamp64\www\wordpress\wp-admin\includes\admin.php on line 10

2021-05-04T04:52:27+00:00 CRITICAL Maximum execution time of 120 seconds exceeded in C:\wamp64\www\wordpress\wp-admin\includes\admin.php on line 10

2021-05-04T04:52:27+00:00 CRITICAL Maximum execution time of 120 seconds exceeded in C:\wamp64\www\wordpress\wp-admin\includes\admin.php on line 10

2021-05-04T04:52:27+00:00 CRITICAL Maximum execution time of 120 seconds exceeded in C:\wamp64\www\wordpress\wp-admin\includes\admin.php on line 10

2021-05-04T04:52:27+00:00 CRITICAL Maximum execution time of 120 seconds exceeded in C:\wamp64\www\wordpress\wp-admin\includes\admin.php on line 10

2021-05-04T04:52:27+00:00 CRITICAL Maximum execution time of 120 seconds exceeded in C:\wamp64\www\wordpress\wp-admin\includes\admin.php on line 10

2021-05-04T04:52:27+00:00 CRITICAL Maximum execution time of 120 seconds exceeded in C:\wamp64\www\wordpress\wp-admin\admin-ajax.php on line 28

2021-05-04T04:52:27+00:00 CRITICAL Maximum execution time of 120 seconds exceeded in C:\wamp64\www\wordpress\wp-admin\includes\bookmark.php on line 16

2021-05-04T04:52:27+00:00 CRITICAL Maximum execution time of 120 seconds exceeded in C:\wamp64\www\wordpress\wp-admin\includes\comment.php on line 26

2021-05-04T04:52:27+00:00 CRITICAL Maximum execution time of 120 seconds exceeded in C:\wamp64\www\wordpress\wp-includes\http.php on line 493

2021-05-04T04:52:27+00:00 CRITICAL Maximum execution time of 120 seconds exceeded in C:\wamp64\www\wordpress\wp-admin\includes\admin.php on line 10

2021-05-04T04:52:27+00:00 CRITICAL Maximum execution time of 120 seconds exceeded in C:\wamp64\www\wordpress\wp-admin\includes\admin.php on line 10

2021-05-04T04:52:27+00:00 CRITICAL Maximum execution time of 120 seconds exceeded in C:\wamp64\www\wordpress\wp-admin\includes\admin-filters.php on line 11

2021-05-04T04:52:27+00:00 CRITICAL Maximum execution time of 120 seconds exceeded in C:\wamp64\www\wordpress\wp-admin\includes\comment.php on line 26

2021-05-04T04:52:27+00:00 CRITICAL Maximum execution time of 120 seconds exceeded in C:\wamp64\www\wordpress\wp-admin\includes\comment.php on line 26

2021-05-04T04:52:27+00:00 CRITICAL Maximum execution time of 120 seconds exceeded in C:\wamp64\www\wordpress\wp-admin\includes\comment.php on line 26

2021-05-04T04:52:27+00:00 CRITICAL Maximum execution time of 120 seconds exceeded in C:\wamp64\www\wordpress\wp-admin\includes\comment.php on line 26

2021-05-04T04:52:27+00:00 CRITICAL Maximum execution time of 120 seconds exceeded in C:\wamp64\www\wordpress\wp-admin\includes\comment.php on line 26

2021-05-04T04:52:27+00:00 CRITICAL Maximum execution time of 120 seconds exceeded in C:\wamp64\www\wordpress\wp-admin\includes\admin.php on line 10

2021-05-04T04:52:27+00:00 CRITICAL Maximum execution time of 120 seconds exceeded in C:\wamp64\www\wordpress\wp-admin\includes\comment.php on line 26

2021-05-04T04:52:27+00:00 CRITICAL Maximum execution time of 120 seconds exceeded in C:\wamp64\www\wordpress\wp-admin\includes\comment.php on line 26

2021-05-04T04:52:27+00:00 CRITICAL Maximum execution time of 120 seconds exceeded in C:\wamp64\www\wordpress\wp-admin\includes\comment.php on line 26

2021-05-04T04:52:27+00:00 CRITICAL Maximum execution time of 120 seconds exceeded in C:\wamp64\www\wordpress\wp-admin\includes\comment.php on line 26

2021-05-04T04:52:27+00:00 CRITICAL Maximum execution time of 120 seconds exceeded in C:\wamp64\www\wordpress\wp-admin\includes\comment.php on line 26

2021-05-04T04:52:27+00:00 CRITICAL Maximum execution time of 120 seconds exceeded in C:\wamp64\www\wordpress\wp-admin\includes\comment.php on line 26

2021-05-04T04:52:27+00:00 CRITICAL Maximum execution time of 120 seconds exceeded in C:\wamp64\www\wordpress\wp-admin\includes\comment.php on line 26

2021-05-04T04:52:27+00:00 CRITICAL Maximum execution time of 120 seconds exceeded in C:\wamp64\www\wordpress\wp-admin\includes\comment.php on line 26

2021-05-04T04:52:27+00:00 CRITICAL Maximum execution time of 120 seconds exceeded in C:\wamp64\www\wordpress\wp-admin\includes\comment.php on line 26

2021-05-04T04:52:27+00:00 CRITICAL Maximum execution time of 120 seconds exceeded in C:\wamp64\www\wordpress\wp-content\plugins\woocommerce\packages\woocommerce-admin\src\RemoteInboxNotifications\StoredStateSetupForProducts.php on line 8

2021-05-04T04:52:27+00:00 CRITICAL Maximum execution time of 120 seconds exceeded in C:\wamp64\www\wordpress\wp-admin\includes\comment.php on line 26

2021-05-04T04:52:27+00:00 CRITICAL Maximum execution time of 120 seconds exceeded in C:\wamp64\www\wordpress\wp-admin\includes\comment.php on line 26

2021-05-04T04:52:27+00:00 CRITICAL Maximum execution time of 120 seconds exceeded in C:\wamp64\www\wordpress\wp-admin\includes\deprecated.php on line 20

2021-05-04T04:52:27+00:00 CRITICAL Maximum execution time of 120 seconds exceeded in C:\wamp64\www\wordpress\wp-admin\includes\comment.php on line 26

2021-05-04T04:52:27+00:00 CRITICAL Maximum execution time of 120 seconds exceeded in C:\wamp64\www\wordpress\wp-admin\includes\comment.php on line 26

2021-05-04T04:52:28+00:00 CRITICAL Maximum execution time of 120 seconds exceeded in C:\wamp64\www\wordpress\wp-admin\includes\comment.php on line 26

2021-05-04T04:52:28+00:00 CRITICAL Maximum execution time of 120 seconds exceeded in C:\wamp64\www\wordpress\wp-content\plugins\ninja-forms\includes\Config\RequiredUpdates.php on line 1

